0 info it worked if it ends with ok
1 verbose cli [ '/usr/local/bin/node', '/usr/local/bin/npm', 'start' ]
2 info using npm@3.7.2
3 info using node@v4.2.0
4 verbose run-script [ 'prestart', 'start', 'poststart' ]
5 info lifecycle xke-vote-4-room@1.0.0~prestart: xke-vote-4-room@1.0.0
6 silly lifecycle xke-vote-4-room@1.0.0~prestart: no script for prestart, continuing
7 info lifecycle xke-vote-4-room@1.0.0~start: xke-vote-4-room@1.0.0
8 verbose lifecycle xke-vote-4-room@1.0.0~start: unsafe-perm in lifecycle true
9 verbose lifecycle xke-vote-4-room@1.0.0~start: PATH: /usr/local/lib/node_modules/npm/bin/node-gyp-bin:/Users/fbouad/workspace/xke-vote-4-room/server/node_modules/.bin:/usr/local/bin:/Users/fbouad/.gvm/vertx/current/bin:/Users/fbouad/.gvm/springboot/current/bin:/Users/fbouad/.gvm/lazybones/current/bin:/Users/fbouad/.gvm/jbossforge/current/bin:/Users/fbouad/.gvm/jbake/current/bin:/Users/fbouad/.gvm/groovyserv/current/bin:/Users/fbouad/.gvm/groovy/current/bin:/Users/fbouad/.gvm/griffon/current/bin:/Users/fbouad/.gvm/grails/current/bin:/Users/fbouad/.gvm/gradle/current/bin:/Users/fbouad/.gvm/glide/current/bin:/Users/fbouad/.gvm/gaiden/current/bin:/Users/fbouad/.gvm/crash/current/bin:/Users/fbouad/.gvm/asciidoctorj/current/bin:/Users/fbouad/.gvm/vertx/current/bin:/Users/fbouad/.gvm/springboot/current/bin:/Users/fbouad/.gvm/lazybones/current/bin:/Users/fbouad/.gvm/groovyserv/current/bin:/Users/fbouad/.gvm/groovy/current/bin:/Users/fbouad/.gvm/griffon/current/bin:/Users/fbouad/.gvm/grails/current/bin:/Users/fbouad/.gvm/gradle/current/bin:/Users/fbouad/.gvm/glide/current/bin:/Users/fbouad/.gvm/gaiden/current/bin:/Users/fbouad/.gvm/crash/current/bin:/usr/bin:/bin:/usr/sbin:/sbin:/usr/local/bin:/usr/local/git/bin
10 verbose lifecycle xke-vote-4-room@1.0.0~start: CWD: /Users/fbouad/workspace/xke-vote-4-room/server
11 silly lifecycle xke-vote-4-room@1.0.0~start: Args: [ '-c', 'babel-node src/index.js' ]
12 silly lifecycle xke-vote-4-room@1.0.0~start: Returned: code: 1  signal: null
13 info lifecycle xke-vote-4-room@1.0.0~start: Failed to exec start script
14 verbose stack Error: xke-vote-4-room@1.0.0 start: `babel-node src/index.js`
14 verbose stack Exit status 1
14 verbose stack     at EventEmitter.<anonymous> (/usr/local/lib/node_modules/npm/lib/utils/lifecycle.js:239:16)
14 verbose stack     at emitTwo (events.js:87:13)
14 verbose stack     at EventEmitter.emit (events.js:172:7)
14 verbose stack     at ChildProcess.<anonymous> (/usr/local/lib/node_modules/npm/lib/utils/spawn.js:24:14)
14 verbose stack     at emitTwo (events.js:87:13)
14 verbose stack     at ChildProcess.emit (events.js:172:7)
14 verbose stack     at maybeClose (internal/child_process.js:818:16)
14 verbose stack     at Process.ChildProcess._handle.onexit (internal/child_process.js:211:5)
15 verbose pkgid xke-vote-4-room@1.0.0
16 verbose cwd /Users/fbouad/workspace/xke-vote-4-room/server
17 error Darwin 14.5.0
18 error argv "/usr/local/bin/node" "/usr/local/bin/npm" "start"
19 error node v4.2.0
20 error npm  v3.7.2
21 error code ELIFECYCLE
22 error xke-vote-4-room@1.0.0 start: `babel-node src/index.js`
22 error Exit status 1
23 error Failed at the xke-vote-4-room@1.0.0 start script 'babel-node src/index.js'.
23 error Make sure you have the latest version of node.js and npm installed.
23 error If you do, this is most likely a problem with the xke-vote-4-room package,
23 error not with npm itself.
23 error Tell the author that this fails on your system:
23 error     babel-node src/index.js
23 error You can get information on how to open an issue for this project with:
23 error     npm bugs xke-vote-4-room
23 error Or if that isn't available, you can get their info via:
23 error     npm owner ls xke-vote-4-room
23 error There is likely additional logging output above.
24 verbose exit [ 1, true ]
